2025-02-22 12:27:36,080 INFO: Data fetched successfully
2025-02-22 12:27:36,087 INFO: Data saved to data/economic_data.csv
2025-02-22 12:27:36,091 INFO: Adding job tentatively -- it will be properly scheduled when the scheduler starts
2025-02-22 12:27:36,092 INFO: Added job "<lambda>" to job store "default"
2025-02-22 12:27:36,092 INFO: Scheduler started
2025-02-22 12:27:37,728 INFO: Data fetched successfully
2025-02-22 12:27:37,729 INFO: Data saved to data/economic_data.csv
2025-02-22 12:40:22,117 INFO: Data fetched successfully
2025-02-22 12:40:22,122 INFO: Data saved to data/economic_data.csv
2025-02-22 12:40:22,125 INFO: Adding job tentatively -- it will be properly scheduled when the scheduler starts
2025-02-22 12:40:22,126 INFO: Added job "<lambda>" to job store "default"
2025-02-22 12:40:22,126 INFO: Scheduler started
2025-02-22 12:40:23,677 INFO: Data fetched successfully
2025-02-22 12:40:23,679 INFO: Data saved to data/economic_data.csv
2025-02-22 12:41:28,542 INFO: Data fetched successfully
2025-02-22 12:41:28,547 INFO: Data saved to data/economic_data.csv
2025-02-22 12:41:28,550 INFO: Adding job tentatively -- it will be properly scheduled when the scheduler starts
2025-02-22 12:41:28,550 INFO: Added job "<lambda>" to job store "default"
2025-02-22 12:41:28,550 INFO: Scheduler started
2025-02-22 12:41:30,158 INFO: Data fetched successfully
2025-02-22 12:41:30,159 INFO: Data saved to data/economic_data.csv
2025-02-22 12:42:06,393 INFO: Data fetched successfully
2025-02-22 12:42:06,396 INFO: Data saved to data/economic_data.csv
